<?xml version="1.0" encoding="UTF-8"?>
<testsuite xmlns:xsi="http://www.w3.org/2001/XMLSchema-instance" xsi:noNamespaceSchemaLocation="https://maven.apache.org/surefire/maven-surefire-plugin/xsd/surefire-test-report-3.0.xsd" version="3.0" name="tests.UsersTests" time="0.543" tests="3" errors="0" skipped="0" failures="0">
  <properties>
    <property name="java.specification.version" value="23"/>
    <property name="sun.jnu.encoding" value="UTF-8"/>
    <property name="java.class.path" value="/Users/gery/Desktop/Telerik Academy/WEareProject_Testing/WEare_REST_Assured/target/test-classes:/Users/gery/Desktop/Telerik Academy/WEareProject_Testing/WEare_REST_Assured/target/classes:/Users/gery/.m2/repository/io/rest-assured/rest-assured/5.3.1/rest-assured-5.3.1.jar:/Users/gery/.m2/repository/org/apache/groovy/groovy/4.0.11/groovy-4.0.11.jar:/Users/gery/.m2/repository/org/apache/groovy/groovy-xml/4.0.11/groovy-xml-4.0.11.jar:/Users/gery/.m2/repository/org/apache/httpcomponents/httpmime/4.5.13/httpmime-4.5.13.jar:/Users/gery/.m2/repository/org/hamcrest/hamcrest/2.2/hamcrest-2.2.jar:/Users/gery/.m2/repository/org/ccil/cowan/tagsoup/tagsoup/1.2.1/tagsoup-1.2.1.jar:/Users/gery/.m2/repository/io/rest-assured/json-path/5.3.1/json-path-5.3.1.jar:/Users/gery/.m2/repository/org/apache/groovy/groovy-json/4.0.11/groovy-json-4.0.11.jar:/Users/gery/.m2/repository/io/rest-assured/rest-assured-common/5.3.1/rest-assured-common-5.3.1.jar:/Users/gery/.m2/repository/io/rest-assured/xml-path/5.3.1/xml-path-5.3.1.jar:/Users/gery/.m2/repository/org/testng/testng/7.8.0/testng-7.8.0.jar:/Users/gery/.m2/repository/com/beust/jcommander/1.82/jcommander-1.82.jar:/Users/gery/.m2/repository/org/webjars/jquery/3.6.1/jquery-3.6.1.jar:/Users/gery/.m2/repository/org/assertj/assertj-core/3.24.2/assertj-core-3.24.2.jar:/Users/gery/.m2/repository/net/bytebuddy/byte-buddy/1.12.21/byte-buddy-1.12.21.jar:/Users/gery/.m2/repository/org/junit/jupiter/junit-jupiter-api/5.10.0/junit-jupiter-api-5.10.0.jar:/Users/gery/.m2/repository/org/opentest4j/opentest4j/1.3.0/opentest4j-1.3.0.jar:/Users/gery/.m2/repository/org/junit/platform/junit-platform-commons/1.10.0/junit-platform-commons-1.10.0.jar:/Users/gery/.m2/repository/org/apiguardian/apiguardian-api/1.1.2/apiguardian-api-1.1.2.jar:/Users/gery/.m2/repository/com/github/javafaker/javafaker/1.0.2/javafaker-1.0.2.jar:/Users/gery/.m2/repository/org/yaml/snakeyaml/1.23/snakeyaml-1.23-android.jar:/Users/gery/.m2/repository/com/github/mifmif/generex/1.0.2/generex-1.0.2.jar:/Users/gery/.m2/repository/dk/brics/automaton/automaton/1.11-8/automaton-1.11-8.jar:/Users/gery/.m2/repository/org/apache/commons/commons-lang3/3.12.0/commons-lang3-3.12.0.jar:/Users/gery/.m2/repository/org/slf4j/slf4j-api/1.7.32/slf4j-api-1.7.32.jar:/Users/gery/.m2/repository/org/slf4j/slf4j-simple/1.7.32/slf4j-simple-1.7.32.jar:/Users/gery/.m2/repository/org/json/json/20210307/json-20210307.jar:/Users/gery/.m2/repository/org/apache/httpcomponents/httpclient/4.5.13/httpclient-4.5.13.jar:/Users/gery/.m2/repository/org/apache/httpcomponents/httpcore/4.4.13/httpcore-4.4.13.jar:/Users/gery/.m2/repository/commons-logging/commons-logging/1.2/commons-logging-1.2.jar:/Users/gery/.m2/repository/commons-codec/commons-codec/1.11/commons-codec-1.11.jar:/Users/gery/.m2/repository/io/qameta/allure/allure-maven/2.15.2/allure-maven-2.15.2.jar:/Users/gery/.m2/repository/org/apache/httpcomponents/client5/httpclient5/5.4.1/httpclient5-5.4.1.jar:/Users/gery/.m2/repository/org/apache/httpcomponents/core5/httpcore5/5.3.1/httpcore5-5.3.1.jar:/Users/gery/.m2/repository/org/apache/httpcomponents/core5/httpcore5-h2/5.3.1/httpcore5-h2-5.3.1.jar:/Users/gery/.m2/repository/com/fasterxml/jackson/core/jackson-databind/2.18.1/jackson-databind-2.18.1.jar:/Users/gery/.m2/repository/com/fasterxml/jackson/core/jackson-annotations/2.18.1/jackson-annotations-2.18.1.jar:/Users/gery/.m2/repository/com/fasterxml/jackson/core/jackson-core/2.18.1/jackson-core-2.18.1.jar:/Users/gery/.m2/repository/org/apache/maven/maven-core/3.9.9/maven-core-3.9.9.jar:/Users/gery/.m2/repository/org/apache/maven/maven-model/3.9.9/maven-model-3.9.9.jar:/Users/gery/.m2/repository/org/apache/maven/maven-settings/3.9.9/maven-settings-3.9.9.jar:/Users/gery/.m2/repository/org/apache/maven/maven-settings-builder/3.9.9/maven-settings-builder-3.9.9.jar:/Users/gery/.m2/repository/org/codehaus/plexus/plexus-sec-dispatcher/2.0/plexus-sec-dispatcher-2.0.jar:/Users/gery/.m2/repository/org/codehaus/plexus/plexus-cipher/2.0/plexus-cipher-2.0.jar:/Users/gery/.m2/repository/org/apache/maven/maven-builder-support/3.9.9/maven-builder-support-3.9.9.jar:/Users/gery/.m2/repository/org/apache/maven/maven-repository-metadata/3.9.9/maven-repository-metadata-3.9.9.jar:/Users/gery/.m2/repository/org/apache/maven/maven-artifact/3.9.9/maven-artifact-3.9.9.jar:/Users/gery/.m2/repository/org/apache/maven/maven-plugin-api/3.9.9/maven-plugin-api-3.9.9.jar:/Users/gery/.m2/repository/org/apache/maven/maven-model-builder/3.9.9/maven-model-builder-3.9.9.jar:/Users/gery/.m2/repository/org/apache/maven/maven-resolver-provider/3.9.9/maven-resolver-provider-3.9.9.jar:/Users/gery/.m2/repository/org/apache/maven/resolver/maven-resolver-impl/1.9.22/maven-resolver-impl-1.9.22.jar:/Users/gery/.m2/repository/org/apache/maven/resolver/maven-resolver-named-locks/1.9.22/maven-resolver-named-locks-1.9.22.jar:/Users/gery/.m2/repository/org/apache/maven/resolver/maven-resolver-api/1.9.22/maven-resolver-api-1.9.22.jar:/Users/gery/.m2/repository/org/apache/maven/resolver/maven-resolver-spi/1.9.22/maven-resolver-spi-1.9.22.jar:/Users/gery/.m2/repository/org/apache/maven/resolver/maven-resolver-util/1.9.22/maven-resolver-util-1.9.22.jar:/Users/gery/.m2/repository/org/apache/maven/shared/maven-shared-utils/3.4.2/maven-shared-utils-3.4.2.jar:/Users/gery/.m2/repository/org/eclipse/sisu/org.eclipse.sisu.plexus/0.9.0.M3/org.eclipse.sisu.plexus-0.9.0.M3.jar:/Users/gery/.m2/repository/org/eclipse/sisu/org.eclipse.sisu.inject/0.9.0.M3/org.eclipse.sisu.inject-0.9.0.M3.jar:/Users/gery/.m2/repository/com/google/inject/guice/5.1.0/guice-5.1.0.jar:/Users/gery/.m2/repository/aopalliance/aopalliance/1.0/aopalliance-1.0.jar:/Users/gery/.m2/repository/com/google/guava/guava/33.2.1-jre/guava-33.2.1-jre.jar:/Users/gery/.m2/repository/com/google/guava/failureaccess/1.0.2/failureaccess-1.0.2.jar:/Users/gery/.m2/repository/javax/inject/javax.inject/1/javax.inject-1.jar:/Users/gery/.m2/repository/org/codehaus/plexus/plexus-utils/3.5.1/plexus-utils-3.5.1.jar:/Users/gery/.m2/repository/org/codehaus/plexus/plexus-classworlds/2.8.0/plexus-classworlds-2.8.0.jar:/Users/gery/.m2/repository/org/codehaus/plexus/plexus-interpolation/1.27/plexus-interpolation-1.27.jar:/Users/gery/.m2/repository/org/codehaus/plexus/plexus-component-annotations/2.1.0/plexus-component-annotations-2.1.0.jar:/Users/gery/.m2/repository/org/apache/maven/reporting/maven-reporting-impl/4.0.0/maven-reporting-impl-4.0.0.jar:/Users/gery/.m2/repository/org/apache/maven/reporting/maven-reporting-api/4.0.0/maven-reporting-api-4.0.0.jar:/Users/gery/.m2/repository/org/apache/maven/doxia/doxia-sink-api/2.0.0/doxia-sink-api-2.0.0.jar:/Users/gery/.m2/repository/org/apache/maven/doxia/doxia-site-model/2.0.0/doxia-site-model-2.0.0.jar:/Users/gery/.m2/repository/org/apache/maven/doxia/doxia-core/2.0.0/doxia-core-2.0.0.jar:/Users/gery/.m2/repository/commons-io/commons-io/2.17.0/commons-io-2.17.0.jar:/Users/gery/.m2/repository/org/apache/maven/doxia/doxia-integration-tools/2.0.0/doxia-integration-tools-2.0.0.jar:/Users/gery/.m2/repository/org/codehaus/plexus/plexus-i18n/1.0-beta-10/plexus-i18n-1.0-beta-10.jar:/Users/gery/.m2/repository/org/apache/maven/doxia/doxia-site-renderer/2.0.0/doxia-site-renderer-2.0.0.jar:/Users/gery/.m2/repository/org/apache/maven/doxia/doxia-skin-model/2.0.0/doxia-skin-model-2.0.0.jar:/Users/gery/.m2/repository/org/apache/maven/doxia/doxia-module-xhtml5/2.0.0/doxia-module-xhtml5-2.0.0.jar:/Users/gery/.m2/repository/org/codehaus/plexus/plexus-velocity/2.2.0/plexus-velocity-2.2.0.jar:/Users/gery/.m2/repository/org/apache/velocity/velocity-engine-core/2.4/velocity-engine-core-2.4.jar:/Users/gery/.m2/repository/org/apache/velocity/tools/velocity-tools-generic/3.1/velocity-tools-generic-3.1.jar:/Users/gery/.m2/repository/org/apache/commons/commons-digester3/3.2/commons-digester3-3.2.jar:/Users/gery/.m2/repository/com/github/cliftonlabs/json-simple/3.0.2/json-simple-3.0.2.jar:/Users/gery/.m2/repository/org/apache/maven/doxia/doxia-module-apt/2.0.0/doxia-module-apt-2.0.0.jar:/Users/gery/.m2/repository/org/apache/maven/doxia/doxia-module-xdoc/2.0.0/doxia-module-xdoc-2.0.0.jar:/Users/gery/.m2/repository/org/apache/maven/maven-archiver/3.6.2/maven-archiver-3.6.2.jar:/Users/gery/.m2/repository/org/codehaus/plexus/plexus-archiver/4.9.2/plexus-archiver-4.9.2.jar:/Users/gery/.m2/repository/org/codehaus/plexus/plexus-io/3.4.2/plexus-io-3.4.2.jar:/Users/gery/.m2/repository/org/apache/commons/commons-compress/1.26.1/commons-compress-1.26.1.jar:/Users/gery/.m2/repository/org/tukaani/xz/1.9/xz-1.9.jar:/Users/gery/.m2/repository/com/github/luben/zstd-jni/1.5.5-11/zstd-jni-1.5.5-11.jar:/Users/gery/.m2/repository/org/apache/maven/shared/maven-artifact-transfer/0.13.1/maven-artifact-transfer-0.13.1.jar:/Users/gery/.m2/repository/org/apache/maven/shared/maven-common-artifact-filters/3.1.0/maven-common-artifact-filters-3.1.0.jar:/Users/gery/.m2/repository/org/sonatype/sisu/sisu-inject-plexus/1.4.2/sisu-inject-plexus-1.4.2.jar:/Users/gery/.m2/repository/org/sonatype/sisu/sisu-inject-bean/1.4.2/sisu-inject-bean-1.4.2.jar:/Users/gery/.m2/repository/org/sonatype/sisu/sisu-guice/2.1.7/sisu-guice-2.1.7-noaop.jar:/Users/gery/.m2/repository/commons-beanutils/commons-beanutils/1.9.4/commons-beanutils-1.9.4.jar:/Users/gery/.m2/repository/commons-collections/commons-collections/3.2.2/commons-collections-3.2.2.jar:/Users/gery/.m2/repository/net/lingala/zip4j/zip4j/2.11.5/zip4j-2.11.5.jar:/Users/gery/.m2/repository/org/apache/commons/commons-exec/1.4.0/commons-exec-1.4.0.jar:/Users/gery/.m2/repository/org/apache/commons/commons-text/1.12.0/commons-text-1.12.0.jar:/Users/gery/.m2/repository/org/apache/maven/plugin-tools/maven-plugin-annotations/3.15.1/maven-plugin-annotations-3.15.1.jar:/Users/gery/.m2/repository/org/apache/maven/plugins/maven-jxr-plugin/3.6.0/maven-jxr-plugin-3.6.0.jar:/Users/gery/.m2/repository/org/apache/maven/maven-jxr/3.6.0/maven-jxr-3.6.0.jar:/Users/gery/.m2/repository/org/apache/maven/wagon/wagon-provider-api/3.5.3/wagon-provider-api-3.5.3.jar:/Users/gery/.m2/repository/org/codehaus/plexus/plexus-java/1.3.0/plexus-java-1.3.0.jar:/Users/gery/.m2/repository/org/ow2/asm/asm/9.7/asm-9.7.jar:/Users/gery/.m2/repository/com/thoughtworks/qdox/qdox/2.1.0/qdox-2.1.0.jar:/Users/gery/.m2/repository/org/codehaus/plexus/plexus-xml/3.0.1/plexus-xml-3.0.1.jar:/Users/gery/.m2/repository/io/qameta/allure/allure-junit5/2.29.0/allure-junit5-2.29.0.jar:/Users/gery/.m2/repository/io/qameta/allure/allure-junit-platform/2.29.0/allure-junit-platform-2.29.0.jar:/Users/gery/.m2/repository/org/junit/platform/junit-platform-launcher/1.10.3/junit-platform-launcher-1.10.3.jar:/Users/gery/.m2/repository/org/junit/platform/junit-platform-engine/1.10.3/junit-platform-engine-1.10.3.jar:/Users/gery/.m2/repository/io/qameta/allure/allure-test-filter/2.29.0/allure-test-filter-2.29.0.jar:/Users/gery/.m2/repository/io/qameta/allure/allure-rest-assured/2.29.0/allure-rest-assured-2.29.0.jar:/Users/gery/.m2/repository/io/qameta/allure/allure-attachments/2.29.0/allure-attachments-2.29.0.jar:/Users/gery/.m2/repository/org/freemarker/freemarker/2.3.33/freemarker-2.3.33.jar:/Users/gery/.m2/repository/io/qameta/allure/allure-model/2.29.0/allure-model-2.29.0.jar:/Users/gery/.m2/repository/io/qameta/allure/allure-java-commons/2.29.0/allure-java-commons-2.29.0.jar:"/>
    <property name="java.vm.vendor" value="Oracle Corporation"/>
    <property name="sun.arch.data.model" value="64"/>
    <property name="java.vendor.url" value="https://java.oracle.com/"/>
    <property name="user.timezone" value="Europe/Sofia"/>
    <property name="os.name" value="Mac OS X"/>
    <property name="java.vm.specification.version" value="23"/>
    <property name="sun.java.launcher" value="SUN_STANDARD"/>
    <property name="user.country" value="BG"/>
    <property name="sun.boot.library.path" value="/Users/gery/Library/Java/JavaVirtualMachines/openjdk-23/Contents/Home/lib"/>
    <property name="sun.java.command" value="/Users/gery/Desktop/Telerik Academy/WEareProject_Testing/WEare_REST_Assured/target/surefire/surefirebooter-20241128170916573_3.jar /Users/gery/Desktop/Telerik Academy/WEareProject_Testing/WEare_REST_Assured/target/surefire 2024-11-28T17-09-16_514-jvmRun1 surefire-20241128170916573_1tmp surefire_0-20241128170916573_2tmp"/>
    <property name="http.nonProxyHosts" value="local|*.local|169.254/16|*.169.254/16"/>
    <property name="jdk.debug" value="release"/>
    <property name="surefire.test.class.path" value="/Users/gery/Desktop/Telerik Academy/WEareProject_Testing/WEare_REST_Assured/target/test-classes:/Users/gery/Desktop/Telerik Academy/WEareProject_Testing/WEare_REST_Assured/target/classes:/Users/gery/.m2/repository/io/rest-assured/rest-assured/5.3.1/rest-assured-5.3.1.jar:/Users/gery/.m2/repository/org/apache/groovy/groovy/4.0.11/groovy-4.0.11.jar:/Users/gery/.m2/repository/org/apache/groovy/groovy-xml/4.0.11/groovy-xml-4.0.11.jar:/Users/gery/.m2/repository/org/apache/httpcomponents/httpmime/4.5.13/httpmime-4.5.13.jar:/Users/gery/.m2/repository/org/hamcrest/hamcrest/2.2/hamcrest-2.2.jar:/Users/gery/.m2/repository/org/ccil/cowan/tagsoup/tagsoup/1.2.1/tagsoup-1.2.1.jar:/Users/gery/.m2/repository/io/rest-assured/json-path/5.3.1/json-path-5.3.1.jar:/Users/gery/.m2/repository/org/apache/groovy/groovy-json/4.0.11/groovy-json-4.0.11.jar:/Users/gery/.m2/repository/io/rest-assured/rest-assured-common/5.3.1/rest-assured-common-5.3.1.jar:/Users/gery/.m2/repository/io/rest-assured/xml-path/5.3.1/xml-path-5.3.1.jar:/Users/gery/.m2/repository/org/testng/testng/7.8.0/testng-7.8.0.jar:/Users/gery/.m2/repository/com/beust/jcommander/1.82/jcommander-1.82.jar:/Users/gery/.m2/repository/org/webjars/jquery/3.6.1/jquery-3.6.1.jar:/Users/gery/.m2/repository/org/assertj/assertj-core/3.24.2/assertj-core-3.24.2.jar:/Users/gery/.m2/repository/net/bytebuddy/byte-buddy/1.12.21/byte-buddy-1.12.21.jar:/Users/gery/.m2/repository/org/junit/jupiter/junit-jupiter-api/5.10.0/junit-jupiter-api-5.10.0.jar:/Users/gery/.m2/repository/org/opentest4j/opentest4j/1.3.0/opentest4j-1.3.0.jar:/Users/gery/.m2/repository/org/junit/platform/junit-platform-commons/1.10.0/junit-platform-commons-1.10.0.jar:/Users/gery/.m2/repository/org/apiguardian/apiguardian-api/1.1.2/apiguardian-api-1.1.2.jar:/Users/gery/.m2/repository/com/github/javafaker/javafaker/1.0.2/javafaker-1.0.2.jar:/Users/gery/.m2/repository/org/yaml/snakeyaml/1.23/snakeyaml-1.23-android.jar:/Users/gery/.m2/repository/com/github/mifmif/generex/1.0.2/generex-1.0.2.jar:/Users/gery/.m2/repository/dk/brics/automaton/automaton/1.11-8/automaton-1.11-8.jar:/Users/gery/.m2/repository/org/apache/commons/commons-lang3/3.12.0/commons-lang3-3.12.0.jar:/Users/gery/.m2/repository/org/slf4j/slf4j-api/1.7.32/slf4j-api-1.7.32.jar:/Users/gery/.m2/repository/org/slf4j/slf4j-simple/1.7.32/slf4j-simple-1.7.32.jar:/Users/gery/.m2/repository/org/json/json/20210307/json-20210307.jar:/Users/gery/.m2/repository/org/apache/httpcomponents/httpclient/4.5.13/httpclient-4.5.13.jar:/Users/gery/.m2/repository/org/apache/httpcomponents/httpcore/4.4.13/httpcore-4.4.13.jar:/Users/gery/.m2/repository/commons-logging/commons-logging/1.2/commons-logging-1.2.jar:/Users/gery/.m2/repository/commons-codec/commons-codec/1.11/commons-codec-1.11.jar:/Users/gery/.m2/repository/io/qameta/allure/allure-maven/2.15.2/allure-maven-2.15.2.jar:/Users/gery/.m2/repository/org/apache/httpcomponents/client5/httpclient5/5.4.1/httpclient5-5.4.1.jar:/Users/gery/.m2/repository/org/apache/httpcomponents/core5/httpcore5/5.3.1/httpcore5-5.3.1.jar:/Users/gery/.m2/repository/org/apache/httpcomponents/core5/httpcore5-h2/5.3.1/httpcore5-h2-5.3.1.jar:/Users/gery/.m2/repository/com/fasterxml/jackson/core/jackson-databind/2.18.1/jackson-databind-2.18.1.jar:/Users/gery/.m2/repository/com/fasterxml/jackson/core/jackson-annotations/2.18.1/jackson-annotations-2.18.1.jar:/Users/gery/.m2/repository/com/fasterxml/jackson/core/jackson-core/2.18.1/jackson-core-2.18.1.jar:/Users/gery/.m2/repository/org/apache/maven/maven-core/3.9.9/maven-core-3.9.9.jar:/Users/gery/.m2/repository/org/apache/maven/maven-model/3.9.9/maven-model-3.9.9.jar:/Users/gery/.m2/repository/org/apache/maven/maven-settings/3.9.9/maven-settings-3.9.9.jar:/Users/gery/.m2/repository/org/apache/maven/maven-settings-builder/3.9.9/maven-settings-builder-3.9.9.jar:/Users/gery/.m2/repository/org/codehaus/plexus/plexus-sec-dispatcher/2.0/plexus-sec-dispatcher-2.0.jar:/Users/gery/.m2/repository/org/codehaus/plexus/plexus-cipher/2.0/plexus-cipher-2.0.jar:/Users/gery/.m2/repository/org/apache/maven/maven-builder-support/3.9.9/maven-builder-support-3.9.9.jar:/Users/gery/.m2/repository/org/apache/maven/maven-repository-metadata/3.9.9/maven-repository-metadata-3.9.9.jar:/Users/gery/.m2/repository/org/apache/maven/maven-artifact/3.9.9/maven-artifact-3.9.9.jar:/Users/gery/.m2/repository/org/apache/maven/maven-plugin-api/3.9.9/maven-plugin-api-3.9.9.jar:/Users/gery/.m2/repository/org/apache/maven/maven-model-builder/3.9.9/maven-model-builder-3.9.9.jar:/Users/gery/.m2/repository/org/apache/maven/maven-resolver-provider/3.9.9/maven-resolver-provider-3.9.9.jar:/Users/gery/.m2/repository/org/apache/maven/resolver/maven-resolver-impl/1.9.22/maven-resolver-impl-1.9.22.jar:/Users/gery/.m2/repository/org/apache/maven/resolver/maven-resolver-named-locks/1.9.22/maven-resolver-named-locks-1.9.22.jar:/Users/gery/.m2/repository/org/apache/maven/resolver/maven-resolver-api/1.9.22/maven-resolver-api-1.9.22.jar:/Users/gery/.m2/repository/org/apache/maven/resolver/maven-resolver-spi/1.9.22/maven-resolver-spi-1.9.22.jar:/Users/gery/.m2/repository/org/apache/maven/resolver/maven-resolver-util/1.9.22/maven-resolver-util-1.9.22.jar:/Users/gery/.m2/repository/org/apache/maven/shared/maven-shared-utils/3.4.2/maven-shared-utils-3.4.2.jar:/Users/gery/.m2/repository/org/eclipse/sisu/org.eclipse.sisu.plexus/0.9.0.M3/org.eclipse.sisu.plexus-0.9.0.M3.jar:/Users/gery/.m2/repository/org/eclipse/sisu/org.eclipse.sisu.inject/0.9.0.M3/org.eclipse.sisu.inject-0.9.0.M3.jar:/Users/gery/.m2/repository/com/google/inject/guice/5.1.0/guice-5.1.0.jar:/Users/gery/.m2/repository/aopalliance/aopalliance/1.0/aopalliance-1.0.jar:/Users/gery/.m2/repository/com/google/guava/guava/33.2.1-jre/guava-33.2.1-jre.jar:/Users/gery/.m2/repository/com/google/guava/failureaccess/1.0.2/failureaccess-1.0.2.jar:/Users/gery/.m2/repository/javax/inject/javax.inject/1/javax.inject-1.jar:/Users/gery/.m2/repository/org/codehaus/plexus/plexus-utils/3.5.1/plexus-utils-3.5.1.jar:/Users/gery/.m2/repository/org/codehaus/plexus/plexus-classworlds/2.8.0/plexus-classworlds-2.8.0.jar:/Users/gery/.m2/repository/org/codehaus/plexus/plexus-interpolation/1.27/plexus-interpolation-1.27.jar:/Users/gery/.m2/repository/org/codehaus/plexus/plexus-component-annotations/2.1.0/plexus-component-annotations-2.1.0.jar:/Users/gery/.m2/repository/org/apache/maven/reporting/maven-reporting-impl/4.0.0/maven-reporting-impl-4.0.0.jar:/Users/gery/.m2/repository/org/apache/maven/reporting/maven-reporting-api/4.0.0/maven-reporting-api-4.0.0.jar:/Users/gery/.m2/repository/org/apache/maven/doxia/doxia-sink-api/2.0.0/doxia-sink-api-2.0.0.jar:/Users/gery/.m2/repository/org/apache/maven/doxia/doxia-site-model/2.0.0/doxia-site-model-2.0.0.jar:/Users/gery/.m2/repository/org/apache/maven/doxia/doxia-core/2.0.0/doxia-core-2.0.0.jar:/Users/gery/.m2/repository/commons-io/commons-io/2.17.0/commons-io-2.17.0.jar:/Users/gery/.m2/repository/org/apache/maven/doxia/doxia-integration-tools/2.0.0/doxia-integration-tools-2.0.0.jar:/Users/gery/.m2/repository/org/codehaus/plexus/plexus-i18n/1.0-beta-10/plexus-i18n-1.0-beta-10.jar:/Users/gery/.m2/repository/org/apache/maven/doxia/doxia-site-renderer/2.0.0/doxia-site-renderer-2.0.0.jar:/Users/gery/.m2/repository/org/apache/maven/doxia/doxia-skin-model/2.0.0/doxia-skin-model-2.0.0.jar:/Users/gery/.m2/repository/org/apache/maven/doxia/doxia-module-xhtml5/2.0.0/doxia-module-xhtml5-2.0.0.jar:/Users/gery/.m2/repository/org/codehaus/plexus/plexus-velocity/2.2.0/plexus-velocity-2.2.0.jar:/Users/gery/.m2/repository/org/apache/velocity/velocity-engine-core/2.4/velocity-engine-core-2.4.jar:/Users/gery/.m2/repository/org/apache/velocity/tools/velocity-tools-generic/3.1/velocity-tools-generic-3.1.jar:/Users/gery/.m2/repository/org/apache/commons/commons-digester3/3.2/commons-digester3-3.2.jar:/Users/gery/.m2/repository/com/github/cliftonlabs/json-simple/3.0.2/json-simple-3.0.2.jar:/Users/gery/.m2/repository/org/apache/maven/doxia/doxia-module-apt/2.0.0/doxia-module-apt-2.0.0.jar:/Users/gery/.m2/repository/org/apache/maven/doxia/doxia-module-xdoc/2.0.0/doxia-module-xdoc-2.0.0.jar:/Users/gery/.m2/repository/org/apache/maven/maven-archiver/3.6.2/maven-archiver-3.6.2.jar:/Users/gery/.m2/repository/org/codehaus/plexus/plexus-archiver/4.9.2/plexus-archiver-4.9.2.jar:/Users/gery/.m2/repository/org/codehaus/plexus/plexus-io/3.4.2/plexus-io-3.4.2.jar:/Users/gery/.m2/repository/org/apache/commons/commons-compress/1.26.1/commons-compress-1.26.1.jar:/Users/gery/.m2/repository/org/tukaani/xz/1.9/xz-1.9.jar:/Users/gery/.m2/repository/com/github/luben/zstd-jni/1.5.5-11/zstd-jni-1.5.5-11.jar:/Users/gery/.m2/repository/org/apache/maven/shared/maven-artifact-transfer/0.13.1/maven-artifact-transfer-0.13.1.jar:/Users/gery/.m2/repository/org/apache/maven/shared/maven-common-artifact-filters/3.1.0/maven-common-artifact-filters-3.1.0.jar:/Users/gery/.m2/repository/org/sonatype/sisu/sisu-inject-plexus/1.4.2/sisu-inject-plexus-1.4.2.jar:/Users/gery/.m2/repository/org/sonatype/sisu/sisu-inject-bean/1.4.2/sisu-inject-bean-1.4.2.jar:/Users/gery/.m2/repository/org/sonatype/sisu/sisu-guice/2.1.7/sisu-guice-2.1.7-noaop.jar:/Users/gery/.m2/repository/commons-beanutils/commons-beanutils/1.9.4/commons-beanutils-1.9.4.jar:/Users/gery/.m2/repository/commons-collections/commons-collections/3.2.2/commons-collections-3.2.2.jar:/Users/gery/.m2/repository/net/lingala/zip4j/zip4j/2.11.5/zip4j-2.11.5.jar:/Users/gery/.m2/repository/org/apache/commons/commons-exec/1.4.0/commons-exec-1.4.0.jar:/Users/gery/.m2/repository/org/apache/commons/commons-text/1.12.0/commons-text-1.12.0.jar:/Users/gery/.m2/repository/org/apache/maven/plugin-tools/maven-plugin-annotations/3.15.1/maven-plugin-annotations-3.15.1.jar:/Users/gery/.m2/repository/org/apache/maven/plugins/maven-jxr-plugin/3.6.0/maven-jxr-plugin-3.6.0.jar:/Users/gery/.m2/repository/org/apache/maven/maven-jxr/3.6.0/maven-jxr-3.6.0.jar:/Users/gery/.m2/repository/org/apache/maven/wagon/wagon-provider-api/3.5.3/wagon-provider-api-3.5.3.jar:/Users/gery/.m2/repository/org/codehaus/plexus/plexus-java/1.3.0/plexus-java-1.3.0.jar:/Users/gery/.m2/repository/org/ow2/asm/asm/9.7/asm-9.7.jar:/Users/gery/.m2/repository/com/thoughtworks/qdox/qdox/2.1.0/qdox-2.1.0.jar:/Users/gery/.m2/repository/org/codehaus/plexus/plexus-xml/3.0.1/plexus-xml-3.0.1.jar:/Users/gery/.m2/repository/io/qameta/allure/allure-junit5/2.29.0/allure-junit5-2.29.0.jar:/Users/gery/.m2/repository/io/qameta/allure/allure-junit-platform/2.29.0/allure-junit-platform-2.29.0.jar:/Users/gery/.m2/repository/org/junit/platform/junit-platform-launcher/1.10.3/junit-platform-launcher-1.10.3.jar:/Users/gery/.m2/repository/org/junit/platform/junit-platform-engine/1.10.3/junit-platform-engine-1.10.3.jar:/Users/gery/.m2/repository/io/qameta/allure/allure-test-filter/2.29.0/allure-test-filter-2.29.0.jar:/Users/gery/.m2/repository/io/qameta/allure/allure-rest-assured/2.29.0/allure-rest-assured-2.29.0.jar:/Users/gery/.m2/repository/io/qameta/allure/allure-attachments/2.29.0/allure-attachments-2.29.0.jar:/Users/gery/.m2/repository/org/freemarker/freemarker/2.3.33/freemarker-2.3.33.jar:/Users/gery/.m2/repository/io/qameta/allure/allure-model/2.29.0/allure-model-2.29.0.jar:/Users/gery/.m2/repository/io/qameta/allure/allure-java-commons/2.29.0/allure-java-commons-2.29.0.jar:"/>
    <property name="sun.cpu.endian" value="little"/>
    <property name="user.home" value="/Users/gery"/>
    <property name="user.language" value="en"/>
    <property name="java.specification.vendor" value="Oracle Corporation"/>
    <property name="java.version.date" value="2024-09-17"/>
    <property name="java.home" value="/Users/gery/Library/Java/JavaVirtualMachines/openjdk-23/Contents/Home"/>
    <property name="file.separator" value="/"/>
    <property name="basedir" value="/Users/gery/Desktop/Telerik Academy/WEareProject_Testing/WEare_REST_Assured"/>
    <property name="java.vm.compressedOopsMode" value="Zero based"/>
    <property name="line.separator" value="&#10;"/>
    <property name="java.vm.specification.vendor" value="Oracle Corporation"/>
    <property name="java.specification.name" value="Java Platform API Specification"/>
    <property name="apple.awt.application.name" value="ForkedBooter"/>
    <property name="surefire.real.class.path" value="/Users/gery/Desktop/Telerik Academy/WEareProject_Testing/WEare_REST_Assured/target/surefire/surefirebooter-20241128170916573_3.jar"/>
    <property name="sun.management.compiler" value="HotSpot 64-Bit Tiered Compilers"/>
    <property name="ftp.nonProxyHosts" value="local|*.local|169.254/16|*.169.254/16"/>
    <property name="java.runtime.version" value="23+37-2369"/>
    <property name="user.name" value="gery"/>
    <property name="stdout.encoding" value="UTF-8"/>
    <property name="path.separator" value=":"/>
    <property name="os.version" value="15.1.1"/>
    <property name="java.runtime.name" value="OpenJDK Runtime Environment"/>
    <property name="file.encoding" value="UTF-8"/>
    <property name="java.vm.name" value="OpenJDK 64-Bit Server VM"/>
    <property name="localRepository" value="/Users/gery/.m2/repository"/>
    <property name="java.vendor.url.bug" value="https://bugreport.java.com/bugreport/"/>
    <property name="java.io.tmpdir" value="/var/folders/w2/_rxh8_kn5_lbbkxq98k97fn00000gn/T/"/>
    <property name="java.version" value="23"/>
    <property name="user.dir" value="/Users/gery/Desktop/Telerik Academy/WEareProject_Testing/WEare_REST_Assured"/>
    <property name="os.arch" value="aarch64"/>
    <property name="java.vm.specification.name" value="Java Virtual Machine Specification"/>
    <property name="native.encoding" value="UTF-8"/>
    <property name="java.library.path" value="/Users/gery/Library/Java/Extensions:/Library/Java/Extensions:/Network/Library/Java/Extensions:/System/Library/Java/Extensions:/usr/lib/java:."/>
    <property name="java.vm.info" value="mixed mode, sharing"/>
    <property name="stderr.encoding" value="UTF-8"/>
    <property name="java.vendor" value="Oracle Corporation"/>
    <property name="java.vm.version" value="23+37-2369"/>
    <property name="sun.io.unicode.encoding" value="UnicodeBig"/>
    <property name="socksNonProxyHosts" value="local|*.local|169.254/16|*.169.254/16"/>
    <property name="java.class.version" value="67.0"/>
  </properties>
  <testcase name="loginAndGetCookieTest" classname="tests.UsersTests" time="0.126">
    <system-out><![CDATA[Extracted COOKIE: 2501CB6F1EBA3D64EBBC47E67248498D
]]></system-out>
  </testcase>
  <testcase name="updateUserProfileTest" classname="tests.UsersTests" time="0.285">
    <system-out><![CDATA[Extracted COOKIE: 0F088BBC33091F62A6703FF2690D957A
{
    "id": 253,
    "firstName": "uuaZHtkc",
    "lastName": "randomLastName",
    "sex": "MALE",
    "location": {
        "id": 48,
        "city": {
            "id": 1,
            "city": "Sofia",
            "country": {
                
            }
        }
    },
    "birthYear": "2024-11-11",
    "personalReview": "randomPhrase",
    "memberSince": "28/11/2024",
    "picturePrivacy": false
}
]]></system-out>
  </testcase>
  <testcase name="registerUserTest" classname="tests.UsersTests" time="0.124"/>
</testsuite>